<?xml version="1.0" encoding="UTF-8"?>
<testng-results skipped="0" failed="0" total="1" passed="1">
  <reporter-output>
  </reporter-output>
  <suite name="Command line suite" duration-ms="7" started-at="2016-10-28T07:14:43Z" finished-at="2016-10-28T07:14:43Z">
    <groups>
    </groups>
    <test name="Command line test" duration-ms="7" started-at="2016-10-28T07:14:43Z" finished-at="2016-10-28T07:14:43Z">
      <class name="com.anuradha.searchapi.AppTest">
        <test-method status="PASS" signature="testApp()[pri:0, instance:testApp(com.anuradha.searchapi.AppTest)]" name="testApp" duration-ms="1" started-at="2016-10-28T03:14:43Z" finished-at="2016-10-28T03:14:43Z">
          <reporter-output>
          </reporter-output>
        </test-method> <!-- testApp -->
      </class> <!-- com.anuradha.searchapi.AppTest -->
    </test> <!-- Command line test -->
  </suite> <!-- Command line suite -->
</testng-results>
